2022-10-17 14:40:22 0 [Note] InnoDB: The first data file './ibdata1' did not exist. A new tablespace will be created!
2022-10-17 14:40:22 0 [Note] InnoDB: Compressed tables use zlib 1.2.11
2022-10-17 14:40:22 0 [Note] InnoDB: Number of pools: 1
2022-10-17 14:40:22 0 [Note] InnoDB: Using crc32 + pclmulqdq instructions
2022-10-17 14:40:22 0 [Note] InnoDB: Initializing buffer pool, total size = 10485760, chunk size = 10485760
2022-10-17 14:40:22 0 [Note] InnoDB: Completed initialization of buffer pool
2022-10-17 14:40:22 0 [Note] InnoDB: Setting file './ibdata1' size to 12 MB. Physically writing the file full; Please wait ...
2022-10-17 14:40:22 0 [Note] InnoDB: File './ibdata1' size is now 12 MB.
2022-10-17 14:40:22 0 [Note] InnoDB: Setting log file ./ib_logfile101 size to 100663296 bytes
2022-10-17 14:40:22 0 [Note] InnoDB: Renaming log file ./ib_logfile101 to ./ib_logfile0
2022-10-17 14:40:22 0 [Note] InnoDB: New log file created, LSN=10317
2022-10-17 14:40:22 0 [Note] InnoDB: Doublewrite buffer not found: creating new
2022-10-17 14:40:22 0 [Note] InnoDB: Doublewrite buffer created
2022-10-17 14:40:22 0 [Note] InnoDB: 128 rollback segments are active.
2022-10-17 14:40:22 0 [Note] InnoDB: Creating shared tablespace for temporary tables
2022-10-17 14:40:22 0 [Note] InnoDB: Setting file './ibtmp1' size to 12 MB. Physically writing the file full; Please wait ...
2022-10-17 14:40:22 0 [Note] InnoDB: File './ibtmp1' size is now 12 MB.
2022-10-17 14:40:22 0 [Note] InnoDB: 10.6.5 started; log sequence number 0; transaction id 3
2022-10-17 14:40:22 0 [Note] Plugin 'FEEDBACK' is disabled.
2023-04-04 20:45:59 0 [Note] InnoDB: Compressed tables use zlib 1.2.11
2023-04-04 20:45:59 0 [Note] InnoDB: Number of pools: 1
2023-04-04 20:45:59 0 [Note] InnoDB: Using crc32 + pclmulqdq instructions
2023-04-04 20:45:59 0 [Note] InnoDB: Initializing buffer pool, total size = 134217728, chunk size = 134217728
2023-04-04 20:45:59 0 [Note] InnoDB: Completed initialization of buffer pool
2023-04-04 20:45:59 0 [Note] InnoDB: Resizing redo log from 20971520 to 100663296 bytes; LSN=42724
2023-04-04 20:45:59 0 [Note] InnoDB: Starting to delete and rewrite log file.
2023-04-04 20:45:59 0 [Note] InnoDB: Setting log file ./ib_logfile101 size to 100663296 bytes
2023-04-04 20:45:59 0 [Note] InnoDB: Renaming log file ./ib_logfile101 to ./ib_logfile0
2023-04-04 20:45:59 0 [Note] InnoDB: New log file created, LSN=42724
2023-04-04 20:45:59 0 [Note] InnoDB: 128 rollback segments are active.
2023-04-04 20:45:59 0 [Note] InnoDB: Creating shared tablespace for temporary tables
2023-04-04 20:45:59 0 [Note] InnoDB: Setting file './ibtmp1' size to 12 MB. Physically writing the file full; Please wait ...
2023-04-04 20:45:59 0 [Note] InnoDB: File './ibtmp1' size is now 12 MB.
2023-04-04 20:45:59 0 [Note] InnoDB: 10.6.5 started; log sequence number 42712; transaction id 14
2023-04-04 20:45:59 0 [Note] InnoDB: Loading buffer pool(s) from D:\wamp\bin\mariadb\mariadb10.6.5\data\ib_buffer_pool
2023-04-04 20:45:59 0 [Note] Plugin 'FEEDBACK' is disabled.
2023-04-04 20:45:59 0 [Note] InnoDB: Buffer pool(s) load completed at 230404 20:45:59
2023-04-04 20:45:59 0 [Note] Server socket created on IP: '::'.
2023-04-04 20:45:59 0 [Note] Server socket created on IP: '0.0.0.0'.
2023-04-04 20:46:00 0 [Note] mysqld: ready for connections.
Version: '10.6.5-MariaDB'  socket: ''  port: 3306  mariadb.org binary distribution
2023-04-04 20:46:51 3 [Warning] Access denied for user 'pma'@'localhost' (using password: NO)
2023-04-04 20:46:54 6 [Warning] Access denied for user 'pma'@'localhost' (using password: NO)
2023-04-04 20:46:55 9 [Warning] Access denied for user 'pma'@'localhost' (using password: NO)
2023-04-04 20:46:55 12 [Warning] Access denied for user 'pma'@'localhost' (using password: NO)
2023-04-04 20:46:55 15 [Warning] Access denied for user 'pma'@'localhost' (using password: NO)
2023-04-04 20:46:55 18 [Warning] Access denied for user 'pma'@'localhost' (using password: NO)
2023-04-04 20:46:59 21 [Warning] Access denied for user 'pma'@'localhost' (using password: NO)
2023-04-04 20:46:59 24 [Warning] Access denied for user 'pma'@'localhost' (using password: NO)
2023-04-04 20:47:03 27 [Warning] Access denied for user 'pma'@'localhost' (using password: NO)
2023-04-04 20:47:21 0 [Note] console_event_handler: received CTRL_C_EVENT event, shutting down
2023-04-04 20:47:21 0 [Note] mysqld (initiated by: unknown): Normal shutdown
2023-04-04 20:47:21 0 [Note] InnoDB: FTS optimize thread exiting.
2023-04-04 20:47:21 0 [Note] console_event_handler: received CTRL_C_EVENT event, shutting down
2023-04-04 20:47:22 0 [Note] InnoDB: Starting shutdown...
2023-04-04 20:47:22 0 [Note] InnoDB: Dumping buffer pool(s) to D:\wamp\bin\mariadb\mariadb10.6.5\data\ib_buffer_pool
2023-04-04 20:47:22 0 [Note] InnoDB: Buffer pool(s) dump completed at 230404 20:47:22
2023-04-04 20:47:22 0 [Note] console_event_handler: received CTRL_C_EVENT event, shutting down
2023-04-04 20:47:22 0 [Note] InnoDB: Removed temporary tablespace data file: "./ibtmp1"
2023-04-04 20:47:22 0 [Note] InnoDB: Shutdown completed; log sequence number 43032; transaction id 15
2023-04-04 20:47:22 0 [Note] mysqld: Shutdown complete

2023-04-04 20:58:03 0 [Note] InnoDB: Compressed tables use zlib 1.2.11
2023-04-04 20:58:03 0 [Note] InnoDB: Number of pools: 1
2023-04-04 20:58:03 0 [Note] InnoDB: Using crc32 + pclmulqdq instructions
2023-04-04 20:58:03 0 [Note] InnoDB: Initializing buffer pool, total size = 134217728, chunk size = 134217728
2023-04-04 20:58:03 0 [Note] InnoDB: Completed initialization of buffer pool
2023-04-04 20:58:03 0 [Note] InnoDB: Resizing redo log from 20971520 to 100663296 bytes; LSN=43556
2023-04-04 20:58:03 0 [Note] InnoDB: Starting to delete and rewrite log file.
2023-04-04 20:58:03 0 [Note] InnoDB: Setting log file ./ib_logfile101 size to 100663296 bytes
2023-04-04 20:58:04 0 [Note] InnoDB: Renaming log file ./ib_logfile101 to ./ib_logfile0
2023-04-04 20:58:04 0 [Note] InnoDB: New log file created, LSN=43556
2023-04-04 20:58:04 0 [Note] InnoDB: 128 rollback segments are active.
2023-04-04 20:58:04 0 [Note] InnoDB: Creating shared tablespace for temporary tables
2023-04-04 20:58:04 0 [Note] InnoDB: Setting file './ibtmp1' size to 12 MB. Physically writing the file full; Please wait ...
2023-04-04 20:58:04 0 [Note] InnoDB: File './ibtmp1' size is now 12 MB.
2023-04-04 20:58:04 0 [Note] InnoDB: 10.6.5 started; log sequence number 43544; transaction id 14
2023-04-04 20:58:04 0 [Note] Plugin 'FEEDBACK' is disabled.
2023-04-04 20:58:04 0 [Note] InnoDB: Loading buffer pool(s) from D:\Projects\C#\Visual Studio\SQL Server\SQL Server\mariadb\mariadb10.6.5\data\ib_buffer_pool
2023-04-04 20:58:04 0 [Note] Server socket created on IP: '::'.
2023-04-04 20:58:04 0 [Note] Server socket created on IP: '0.0.0.0'.
2023-04-04 20:58:04 0 [Note] InnoDB: Buffer pool(s) load completed at 230404 20:58:04
2023-04-04 20:58:04 0 [Note] mysqld: ready for connections.
Version: '10.6.5-MariaDB'  socket: ''  port: 3306  mariadb.org binary distribution
2023-04-04 20:58:13 3 [Warning] Access denied for user 'pma'@'localhost' (using password: NO)
2023-04-04 20:58:14 6 [Warning] Access denied for user 'pma'@'localhost' (using password: NO)
2023-04-04 20:58:14 9 [Warning] Access denied for user 'pma'@'localhost' (using password: NO)
2023-04-04 20:58:14 12 [Warning] Access denied for user 'pma'@'localhost' (using password: NO)
2023-04-04 20:58:14 15 [Warning] Access denied for user 'pma'@'localhost' (using password: NO)
2023-04-04 20:58:14 18 [Warning] Access denied for user 'pma'@'localhost' (using password: NO)
2023-04-04 20:58:16 0 [Note] console_event_handler: received CTRL_CLOSE_EVENT event, terminating
